<?xml version="1.0" encoding="UTF-8"?>
<testng-results skipped="0" failed="0" total="1" passed="1">
  <reporter-output>
  </reporter-output>
  <suite name="Suite" duration-ms="11513" started-at="2019-07-24T10:14:56Z" finished-at="2019-07-24T10:15:07Z">
    <groups>
    </groups>
    <test name="Test" duration-ms="11513" started-at="2019-07-24T10:14:56Z" finished-at="2019-07-24T10:15:07Z">
      <class name="tests.NewTest">
        <test-method status="PASS" signature="beforeClass()[pri:0, instance:tests.NewTest@22f71333]" name="beforeClass" is-config="true" duration-ms="2957" started-at="2019-07-24T15:44:56Z" finished-at="2019-07-24T15:44:59Z">
          <reporter-output>
          </reporter-output>
        </test-method> <!-- beforeClass -->
        <test-method status="PASS" signature="openMyBlog()[pri:0, instance:tests.NewTest@22f71333]" name="openMyBlog" duration-ms="7661" started-at="2019-07-24T15:44:59Z" finished-at="2019-07-24T15:45:07Z">
          <reporter-output>
          </reporter-output>
        </test-method> <!-- openMyBlog -->
        <test-method status="PASS" signature="afterClass()[pri:0, instance:tests.NewTest@22f71333]" name="afterClass" is-config="true" duration-ms="887" started-at="2019-07-24T15:45:07Z" finished-at="2019-07-24T15:45:07Z">
          <reporter-output>
          </reporter-output>
        </test-method> <!-- afterClass -->
      </class> <!-- tests.NewTest -->
    </test> <!-- Test -->
  </suite> <!-- Suite -->
</testng-results>
