<?xml version="1.0" encoding="UTF-8"?>
<testng-results skipped="0" failed="0" total="1" passed="1">
  <reporter-output>
  </reporter-output>
  <suite name="Default suite" duration-ms="62688" started-at="2019-07-24T09:42:55Z" finished-at="2019-07-24T09:43:57Z">
    <groups>
    </groups>
    <test name="Default test" duration-ms="62688" started-at="2019-07-24T09:42:55Z" finished-at="2019-07-24T09:43:57Z">
      <class name="tests.NewTest">
        <test-method status="PASS" signature="beforeClass()[pri:0, instance:tests.NewTest@1b40d5f0]" name="beforeClass" is-config="true" duration-ms="9" started-at="2019-07-24T15:12:55Z" finished-at="2019-07-24T15:12:55Z">
          <reporter-output>
          </reporter-output>
        </test-method> <!-- beforeClass -->
        <test-method status="PASS" signature="openMyBlog()[pri:0, instance:tests.NewTest@1b40d5f0]" name="openMyBlog" duration-ms="61747" started-at="2019-07-24T15:12:55Z" finished-at="2019-07-24T15:13:56Z">
          <reporter-output>
          </reporter-output>
        </test-method> <!-- openMyBlog -->
        <test-method status="PASS" signature="afterClass()[pri:0, instance:tests.NewTest@1b40d5f0]" name="afterClass" is-config="true" duration-ms="920" started-at="2019-07-24T15:13:56Z" finished-at="2019-07-24T15:13:57Z">
          <reporter-output>
          </reporter-output>
        </test-method> <!-- afterClass -->
      </class> <!-- tests.NewTest -->
    </test> <!-- Default test -->
  </suite> <!-- Default suite -->
</testng-results>
