<?xml version="1.0" encoding="UTF-8"?>
<testng-results skipped="0" failed="0" total="1" passed="1">
  <reporter-output>
  </reporter-output>
  <suite name="Default suite" duration-ms="12987" started-at="2019-07-24T14:00:12Z" finished-at="2019-07-24T14:00:25Z">
    <groups>
    </groups>
    <test name="Default test" duration-ms="12987" started-at="2019-07-24T14:00:12Z" finished-at="2019-07-24T14:00:25Z">
      <class name="tests.Actions_T">
        <test-method status="PASS" signature="initial()[pri:0, instance:tests.Actions_T@3c5a99da]" name="initial" is-config="true" duration-ms="8" started-at="2019-07-24T19:30:12Z" finished-at="2019-07-24T19:30:12Z">
          <reporter-output>
          </reporter-output>
        </test-method> <!-- initial -->
        <test-method status="PASS" signature="f()[pri:0, instance:tests.Actions_T@3c5a99da]" name="f" duration-ms="12890" started-at="2019-07-24T19:30:12Z" finished-at="2019-07-24T19:30:25Z">
          <reporter-output>
          </reporter-output>
        </test-method> <!-- f -->
        <test-method status="PASS" signature="quit()[pri:0, instance:tests.Actions_T@3c5a99da]" name="quit" is-config="true" duration-ms="75" started-at="2019-07-24T19:30:25Z" finished-at="2019-07-24T19:30:25Z">
          <reporter-output>
          </reporter-output>
        </test-method> <!-- quit -->
      </class> <!-- tests.Actions_T -->
    </test> <!-- Default test -->
  </suite> <!-- Default suite -->
</testng-results>
