<?xml version="1.0" encoding="UTF-8"?>
<testng-results skipped="0" failed="0" total="2" passed="2">
  <reporter-output>
  </reporter-output>
  <suite name="Suite" duration-ms="96189" started-at="2019-07-24T12:11:49Z" finished-at="2019-07-24T12:13:25Z">
    <groups>
    </groups>
    <test name="Test" duration-ms="96189" started-at="2019-07-24T12:11:49Z" finished-at="2019-07-24T12:13:25Z">
      <class name="tests.NewTest">
        <test-method status="PASS" signature="openMyBlog()[pri:0, instance:tests.NewTest@16c0663d]" name="openMyBlog" duration-ms="72169" started-at="2019-07-24T17:41:56Z" finished-at="2019-07-24T17:43:08Z">
          <reporter-output>
          </reporter-output>
        </test-method> <!-- openMyBlog -->
      </class> <!-- tests.NewTest -->
      <class name="tests.Actions_T">
        <test-method status="PASS" signature="initial()[pri:0, instance:tests.Actions_T@2ff4f00f]" name="initial" is-config="true" duration-ms="10" started-at="2019-07-24T17:41:49Z" finished-at="2019-07-24T17:41:49Z">
          <reporter-output>
          </reporter-output>
        </test-method> <!-- initial -->
        <test-method status="PASS" signature="beforeClass()[pri:0, instance:tests.NewTest@16c0663d]" name="beforeClass" is-config="true" duration-ms="7598" started-at="2019-07-24T17:41:49Z" finished-at="2019-07-24T17:41:56Z">
          <reporter-output>
          </reporter-output>
        </test-method> <!-- beforeClass -->
        <test-method status="PASS" signature="f()[pri:0, instance:tests.Actions_T@2ff4f00f]" name="f" duration-ms="14557" started-at="2019-07-24T17:43:08Z" finished-at="2019-07-24T17:43:23Z">
          <reporter-output>
          </reporter-output>
        </test-method> <!-- f -->
        <test-method status="PASS" signature="quit()[pri:0, instance:tests.Actions_T@2ff4f00f]" name="quit" is-config="true" duration-ms="917" started-at="2019-07-24T17:43:23Z" finished-at="2019-07-24T17:43:24Z">
          <reporter-output>
          </reporter-output>
        </test-method> <!-- quit -->
        <test-method status="PASS" signature="afterClass()[pri:0, instance:tests.NewTest@16c0663d]" name="afterClass" is-config="true" duration-ms="926" started-at="2019-07-24T17:43:24Z" finished-at="2019-07-24T17:43:25Z">
          <reporter-output>
          </reporter-output>
        </test-method> <!-- afterClass -->
      </class> <!-- tests.Actions_T -->
    </test> <!-- Test -->
  </suite> <!-- Suite -->
</testng-results>
